Base path: 'C:/Program Files/Unity/2020.1.4f1/Editor/Data', plugins path 'C:/Program Files/Unity/2020.1.4f1/Editor/Data/PlaybackEngines'
Cmd: initializeCompiler
Cmd: compileComputeKernel
  api=4 insize=18301 outsize=3275 ok=1
Cmd: compileComputeKernel
  api=4 insize=4442 outsize=1754 ok=1
Cmd: compileComputeKernel
  api=4 insize=4442 outsize=1453 ok=1
Cmd: compileComputeKernel
  api=4 insize=11985 outsize=1620 ok=1
Cmd: compileComputeKernel
  api=4 insize=11985 outsize=1499 ok=1
Cmd: compileComputeKernel
  api=4 insize=11985 outsize=1501 ok=1
Cmd: compileComputeKernel
  api=4 insize=11985 outsize=1469 ok=1
Cmd: compileComputeKernel
  api=4 insize=11985 outsize=1473 ok=1
Cmd: compileComputeKernel
  api=4 insize=34089 outsize=1622 ok=1
Cmd: compileComputeKernel
  api=4 insize=34089 outsize=1288 ok=1
Cmd: compileComputeKernel
  api=4 insize=34089 outsize=1300 ok=1
Cmd: compileComputeKernel
  api=4 insize=34089 outsize=1367 ok=1
Cmd: compileComputeKernel
  api=4 insize=34089 outsize=1528 ok=1
Cmd: compileComputeKernel
  api=4 insize=34089 outsize=1233 ok=1
Cmd: compileComputeKernel
  api=4 insize=34089 outsize=704 ok=1
Cmd: compileComputeKernel
  api=4 insize=34089 outsize=800 ok=1
Cmd: compileComputeKernel
  api=4 insize=34089 outsize=859 ok=1
Cmd: compileComputeKernel
  api=4 insize=34089 outsize=1036 ok=1
Cmd: compileComputeKernel
  api=4 insize=34089 outsize=684 ok=1
Cmd: compileComputeKernel
  api=4 insize=34089 outsize=776 ok=1
Cmd: compileComputeKernel
  api=4 insize=66874 outsize=1431 ok=1
Cmd: compileComputeKernel
  api=4 insize=66874 outsize=3840 ok=1
Cmd: compileComputeKernel
  api=4 insize=66874 outsize=1345 ok=1
Cmd: compileComputeKernel
  api=4 insize=66874 outsize=2001 ok=1
Cmd: compileComputeKernel
  api=4 insize=66874 outsize=1855 ok=1
Cmd: compileComputeKernel
  api=4 insize=66874 outsize=1823 ok=1
Cmd: compileComputeKernel
  api=4 insize=66874 outsize=1781 ok=1
Cmd: compileComputeKernel
  api=4 insize=66874 outsize=1865 ok=1
Cmd: compileComputeKernel
  api=4 insize=66874 outsize=1686 ok=1
Cmd: compileComputeKernel
  api=4 insize=66874 outsize=1291 ok=1
Cmd: compileComputeKernel
  api=4 insize=66874 outsize=1601 ok=1
Cmd: compileComputeKernel
  api=4 insize=66874 outsize=2033 ok=1
Cmd: compileComputeKernel
  api=4 insize=66874 outsize=1493 ok=1
Cmd: compileComputeKernel
  api=4 insize=66874 outsize=2799 ok=1
Cmd: compileComputeKernel
  api=4 insize=79248 outsize=5363 ok=1
Cmd: compileComputeKernel
  api=4 insize=79248 outsize=30562 ok=1
Cmd: compileComputeKernel
  api=4 insize=79248 outsize=12424 ok=1
Cmd: compileSnippet
  api=4 type=0 insize=11846 outsize=1258 kw=SHADOWS_SPLIT_SPHERES pd=UNITY_ENABLE_REFLECTION_BUFFERS UNITY_USE_DITHER_MASK_FOR_ALPHABLENDED_SHADOWS UNITY_PBS_USE_BRDF1 UNITY_SPECCUBE_BOX_PROJECTION UNITY_SPECCUBE_BLENDING UNITY_ENABLE_DETAIL_NORMALMAP SHADER_API_DESKTOP UNITY_COLORSPACE_GAMMA UNITY_LIGHT_PROBE_PROXY_VOLUME UNITY_LIGHTMAP_FULL_HDR dkw=SHADOWS_SINGLE_CASCADE UNITY_NO_DXT5nm UNITY_ENABLE_NATIVE_SHADOW_LOOKUPS UNITY_METAL_SHADOWS_USE_POINT_FILTERING UNITY_NO_SCREENSPACE_SHADOWS UNITY_PBS_USE_BRDF2 UNITY_PBS_USE_BRDF3 UNITY_NO_FULL_STANDARD_SHADER UNITY_HARDWARE_TIER1 UNITY_HARDWARE_TIER2 UNITY_HARDWARE_TIER3 UNITY_HALF_PRECISION_FRAGMENT_SHADER_REGISTERS UNITY_LIGHTMAP_DLDR_ENCODING UNITY_LIGHTMAP_RGBM_ENCODING UNITY_VIRTUAL_TEXTURING ok=1
