Base path: 'C:/Program Files/Unity/2020.1.4f1/Editor/Data', plugins path 'C:/Program Files/Unity/2020.1.4f1/Editor/Data/PlaybackEngines'
Cmd: initializeCompiler
Cmd: compileComputeKernel
  api=4 insize=18301 outsize=3275 ok=1
Cmd: compileComputeKernel
  api=4 insize=4442 outsize=1688 ok=1
Cmd: compileComputeKernel
  api=4 insize=1900 outsize=3126 ok=1
Cmd: compileComputeKernel
  api=4 insize=11985 outsize=1615 ok=1
Cmd: compileComputeKernel
  api=4 insize=11985 outsize=1498 ok=1
Cmd: compileComputeKernel
  api=4 insize=11985 outsize=1469 ok=1
Cmd: compileComputeKernel
  api=4 insize=11985 outsize=1469 ok=1
Cmd: compileComputeKernel
  api=4 insize=34089 outsize=1391 ok=1
Cmd: compileComputeKernel
  api=4 insize=34089 outsize=1225 ok=1
Cmd: compileComputeKernel
  api=4 insize=34089 outsize=1315 ok=1
Cmd: compileComputeKernel
  api=4 insize=34089 outsize=1304 ok=1
Cmd: compileComputeKernel
  api=4 insize=34089 outsize=1524 ok=1
Cmd: compileComputeKernel
  api=4 insize=34089 outsize=1302 ok=1
Cmd: compileComputeKernel
  api=4 insize=34089 outsize=841 ok=1
Cmd: compileComputeKernel
  api=4 insize=34089 outsize=800 ok=1
Cmd: compileComputeKernel
  api=4 insize=34089 outsize=1027 ok=1
Cmd: compileComputeKernel
  api=4 insize=34089 outsize=1098 ok=1
Cmd: compileComputeKernel
  api=4 insize=34089 outsize=686 ok=1
Cmd: compileComputeKernel
  api=4 insize=34089 outsize=633 ok=1
Cmd: compileComputeKernel
  api=4 insize=66874 outsize=2425 ok=1
Cmd: compileComputeKernel
  api=4 insize=66874 outsize=3548 ok=1
Cmd: compileComputeKernel
  api=4 insize=66874 outsize=1305 ok=1
Cmd: compileComputeKernel
  api=4 insize=66874 outsize=1857 ok=1
Cmd: compileComputeKernel
  api=4 insize=66874 outsize=1823 ok=1
Cmd: compileComputeKernel
  api=4 insize=66874 outsize=1584 ok=1
Cmd: compileComputeKernel
  api=4 insize=66874 outsize=1315 ok=1
Cmd: compileComputeKernel
  api=4 insize=66874 outsize=1325 ok=1
Cmd: compileComputeKernel
  api=4 insize=66874 outsize=1373 ok=1
Cmd: compileComputeKernel
  api=4 insize=66874 outsize=1328 ok=1
Cmd: compileComputeKernel
  api=4 insize=66874 outsize=1435 ok=1
Cmd: compileComputeKernel
  api=4 insize=66874 outsize=1693 ok=1
Cmd: compileComputeKernel
  api=4 insize=66874 outsize=1638 ok=1
Cmd: compileComputeKernel
  api=4 insize=66874 outsize=2799 ok=1
Cmd: compileComputeKernel
  api=4 insize=79248 outsize=12880 ok=1
Cmd: compileComputeKernel
  api=4 insize=79248 outsize=22069 ok=1

Quitting shader compiler process
