Base path: 'C:/Program Files/Unity/2020.1.4f1/Editor/Data', plugins path 'C:/Program Files/Unity/2020.1.4f1/Editor/Data/PlaybackEngines'
Cmd: initializeCompiler
Cmd: compileComputeKernel
  api=4 insize=18301 outsize=3143 ok=1
Cmd: compileComputeKernel
  api=4 insize=18301 outsize=3067 ok=1
Cmd: compileComputeKernel
  api=4 insize=12109 outsize=1852 ok=1
Cmd: compileComputeKernel
  api=4 insize=12109 outsize=1562 ok=1
Cmd: compileComputeKernel
  api=4 insize=72903 outsize=12704 ok=1
Cmd: compileComputeKernel
  api=4 insize=34089 outsize=1292 ok=1
Cmd: compileComputeKernel
  api=4 insize=34089 outsize=1363 ok=1
Cmd: compileComputeKernel
  api=4 insize=34089 outsize=1350 ok=1
Cmd: compileComputeKernel
  api=4 insize=34089 outsize=1551 ok=1
Cmd: compileComputeKernel
  api=4 insize=34089 outsize=1296 ok=1
Cmd: compileComputeKernel
  api=4 insize=34089 outsize=858 ok=1
Cmd: compileComputeKernel
  api=4 insize=34089 outsize=705 ok=1
Cmd: compileComputeKernel
  api=4 insize=34089 outsize=858 ok=1
Cmd: compileComputeKernel
  api=4 insize=34089 outsize=699 ok=1
Cmd: compileComputeKernel
  api=4 insize=34089 outsize=773 ok=1
Cmd: compileComputeKernel
  api=4 insize=66874 outsize=2487 ok=1
Cmd: compileComputeKernel
  api=4 insize=66874 outsize=1594 ok=1
Cmd: compileComputeKernel
  api=4 insize=66874 outsize=1398 ok=1
Cmd: compileComputeKernel
  api=4 insize=66874 outsize=2002 ok=1
Cmd: compileComputeKernel
  api=4 insize=66874 outsize=1855 ok=1
Cmd: compileComputeKernel
  api=4 insize=66874 outsize=1823 ok=1
Cmd: compileComputeKernel
  api=4 insize=66874 outsize=1391 ok=1
Cmd: compileComputeKernel
  api=4 insize=66874 outsize=1865 ok=1
Cmd: compileComputeKernel
  api=4 insize=66874 outsize=1524 ok=1
Cmd: compileComputeKernel
  api=4 insize=66874 outsize=1288 ok=1
Cmd: compileComputeKernel
  api=4 insize=66874 outsize=3339 ok=1
Cmd: compileComputeKernel
  api=4 insize=66874 outsize=1493 ok=1
Cmd: compileComputeKernel
  api=4 insize=66874 outsize=3103 ok=1
Cmd: compileComputeKernel
  api=4 insize=79248 outsize=1973 ok=1
Cmd: compileComputeKernel
  api=4 insize=79248 outsize=4424 ok=1
Cmd: compileComputeKernel
  api=4 insize=79248 outsize=35634 ok=1
Cmd: compileComputeKernel
  api=4 insize=79248 outsize=14584 ok=1
Cmd: compileSnippet
  api=4 type=0 insize=1602 outsize=2002 kw=DIRECTIONAL SHADOWS_SCREEN LIGHTPROBE_SH pd=UNITY_ENABLE_REFLECTION_BUFFERS UNITY_USE_DITHER_MASK_FOR_ALPHABLENDED_SHADOWS UNITY_PBS_USE_BRDF1 UNITY_SPECCUBE_BOX_PROJECTION UNITY_SPECCUBE_BLENDING UNITY_ENABLE_DETAIL_NORMALMAP SHADER_API_DESKTOP UNITY_COLORSPACE_GAMMA UNITY_LIGHT_PROBE_PROXY_VOLUME UNITY_LIGHTMAP_FULL_HDR UNITY_PASS_FORWARDBASE dkw=_EMISSION FOG_LINEAR FOG_EXP FOG_EXP2 INSTANCING_ON _NORMALMAP _ALPHATEST_ON _ALPHABLEND_ON _ALPHAPREMULTIPLY_ON _METALLICGLOSSMAP _DETAIL_MULX2 _SMOOTHNESS_TEXTURE_ALBEDO_CHANNEL_A _SPECULARHIGHLIGHTS_OFF _GLOSSYREFLECTIONS_OFF _PARALLAXMAP SHADOWS_SHADOWMASK DYNAMICLIGHTMAP_ON LIGHTMAP_ON LIGHTMAP_SHADOW_MIXING DIRLIGHTMAP_COMBINED VERTEXLIGHT_ON UNITY_NO_DXT5nm UNITY_ENABLE_NATIVE_SHADOW_LOOKUPS UNITY_METAL_SHADOWS_USE_POINT_FILTERING UNITY_NO_SCREENSPACE_SHADOWS UNITY_PBS_USE_BRDF2 UNITY_PBS_USE_BRDF3 UNITY_NO_FULL_STANDARD_SHADER UNITY_HARDWARE_TIER1 UNITY_HARDWARE_TIER2 UNITY_HARDWARE_TIER3 UNITY_HALF_PRECISION_FRAGMENT_SHADER_REGISTERS UNITY_LIGHTMAP_DLDR_ENCODING UNITY_LIGHTMAP_RGBM_ENCODING UNITY_VIRTUAL_TEXTURING ok=1
